<?xml version="1.0" encoding="UTF-8"?>
<!-- Generated by org.testng.reporters.JUnitXMLReporter -->
<testsuite hostname="BLR-lT-164" name="Regression1" tests="4" failures="1" timestamp="1 Feb 2016 08:35:48 GMT" time="414.541" errors="0">
  <testcase name="Manage_Study_Life_Cycle_Test_1" time="414.443" classname="com.pointcross.testcases.Scripts.Script1">
    <failure type="org.openqa.selenium.NoSuchElementException" message="no such element: Unable to locate element: {&amp;quot;method&amp;quot;:&amp;quot;xpath&amp;quot;,&amp;quot;selector&amp;quot;:&amp;quot;//a[span[contains(text(),&amp;apos;row 27 or column 0 does not exist  in xls&amp;apos;)]]&amp;quot;}
  (Session info: chrome=48.0.2564.97)
  (Driver info: chromedriver=2.20.353145 (343b531d31eeb933ec778dbcf7081628a1396067),platform=Windows NT 6.1 SP1 x86_64) (WARNING: The server did not provide any stacktrace information)
Command duration or timeout: 60.04 seconds
For documentation on this error, please visit: http://seleniumhq.org/exceptions/no_such_element.html
Build info: version: &amp;apos;unknown&amp;apos;, revision: &amp;apos;unknown&amp;apos;, time: &amp;apos;unknown&amp;apos;
System info: host: &amp;apos;BLR-lT-164&amp;apos;, ip: &amp;apos;192.168.2.227&amp;apos;, os.name: &amp;apos;Windows 7&amp;apos;, os.arch: &amp;apos;amd64&amp;apos;, os.version: &amp;apos;6.1&amp;apos;, java.version: &amp;apos;1.7.0_45&amp;apos;
*** Element info: {Using=xpath, value=//a[span[contains(text(),&amp;apos;row 27 or column 0 does not exist  in xls&amp;apos;)]]}
Session ID: fcc5a02677ac523ed539cecd3b55bd9f
Driver info: org.openqa.selenium.chrome.ChromeDriver
Capabilities [{platform=XP, acceptSslCerts=true, javascriptEnabled=true, browserName=chrome, chrome={userDataDir=C:\Users\NARASI~1\AppData\Local\Temp\scoped_dir6972_20247}, rotatable=false, locationContextEnabled=true, mobileEmulationEnabled=false, version=48.0.2564.97, takesHeapSnapshot=true, cssSelectorsEnabled=true, databaseEnabled=false, handlesAlerts=true, browserConnectionEnabled=false, webStorageEnabled=true, nativeEvents=true, hasTouchScreen=false, applicationCacheEnabled=false, takesScreenshot=true}]">
      <![CDATA[org.openqa.selenium.NoSuchElementException: no such element: Unable to locate element: {"method":"xpath","selector":"//a[span[contains(text(),'row 27 or column 0 does not exist  in xls')]]"}
  (Session info: chrome=48.0.2564.97)
  (Driver info: chromedriver=2.20.353145 (343b531d31eeb933ec778dbcf7081628a1396067),platform=Windows NT 6.1 SP1 x86_64) (WARNING: The server did not provide any stacktrace information)
Command duration or timeout: 60.04 seconds
For documentation on this error, please visit: http://seleniumhq.org/exceptions/no_such_element.html
Build info: version: 'unknown', revision: 'unknown', time: 'unknown'
System info: host: 'BLR-lT-164', ip: '192.168.2.227', os.name: 'Windows 7', os.arch: 'amd64', os.version: '6.1', java.version: '1.7.0_45'
*** Element info: {Using=xpath, value=//a[span[contains(text(),'row 27 or column 0 does not exist  in xls')]]}
Session ID: fcc5a02677ac523ed539cecd3b55bd9f
Driver info: org.openqa.selenium.chrome.ChromeDriver
Capabilities [{platform=XP, acceptSslCerts=true, javascriptEnabled=true, browserName=chrome, chrome={userDataDir=C:\Users\NARASI~1\AppData\Local\Temp\scoped_dir6972_20247}, rotatable=false, locationContextEnabled=true, mobileEmulationEnabled=false, version=48.0.2564.97, takesHeapSnapshot=true, cssSelectorsEnabled=true, databaseEnabled=false, handlesAlerts=true, browserConnectionEnabled=false, webStorageEnabled=true, nativeEvents=true, hasTouchScreen=false, applicationCacheEnabled=false, takesScreenshot=true}]
	at org.openqa.selenium.remote.ErrorHandler.createThrowable(ErrorHandler.java:206)
	at org.openqa.selenium.remote.ErrorHandler.throwIfResponseFailed(ErrorHandler.java:158)
	at org.openqa.selenium.remote.RemoteWebDriver.execute(RemoteWebDriver.java:647)
	at org.openqa.selenium.remote.RemoteWebDriver.findElement(RemoteWebDriver.java:353)
	at org.openqa.selenium.remote.RemoteWebDriver.findElementByXPath(RemoteWebDriver.java:490)
	at org.openqa.selenium.By$ByXPath.findElement(By.java:361)
	at org.openqa.selenium.remote.RemoteWebDriver.findElement(RemoteWebDriver.java:345)
	at com.pointcross.helper.pageHelper.ScriptPage1.submissionPackage(ScriptPage1.java:1091)
	at com.pointcross.testcases.Scripts.Script1.Manage_Study_Life_Cycle_Test_1(Script1.java:382)
	at com.pointcross.config.Mainclass.main(Mainclass.java:21)
	at org.eclipse.jdt.internal.jarinjarloader.JarRsrcLoader.main(JarRsrcLoader.java:58)
... Removed 29 stack frames]]>
    </failure>
  </testcase> <!-- Manage_Study_Life_Cycle_Test_1 -->
  <testcase name="Manage_Submission_Package_Lifecycle_Short_Name_for_SP_2" time="0.022" classname="com.pointcross.testcases.Scripts.Script2">
    <skipped/>
  </testcase> <!-- Manage_Submission_Package_Lifecycle_Short_Name_for_SP_2 -->
  <testcase name="SP_Creation_Update_Test_3" time="0.036" classname="com.pointcross.testcases.Scripts.Script3">
    <skipped/>
  </testcase> <!-- SP_Creation_Update_Test_3 -->
  <testcase name="CancelSubmission_Reactivate_Test_4" time="0.02" classname="com.pointcross.testcases.Scripts.Script4">
    <skipped/>
  </testcase> <!-- CancelSubmission_Reactivate_Test_4 -->
</testsuite> <!-- Regression1 -->
